#
# There is insufficient memory for the Java Runtime Environment to continue.
# Native memory allocation (malloc) failed to allocate 1330336 bytes for Chunk::new
# Possible reasons:
#   The system is out of physical RAM or swap space
#   In 32 bit mode, the process size limit was hit
# Possible solutions:
#   Reduce memory load on the system
#   Increase physical memory or swap space
#   Check if swap backing store is full
#   Use 64 bit Java on a 64 bit OS
#   Decrease Java heap size (-Xmx/-Xms)
#   Decrease number of Java threads
#   Decrease Java thread stack sizes (-Xss)
#   Set larger code cache with -XX:ReservedCodeCacheSize=
# This output file may be truncated or incomplete.
#
#  Out of Memory Error (allocation.cpp:390), pid=34656, tid=0x0000000000005dbc
#
# JRE version: OpenJDK Runtime Environment (8.0_152-b01) (build 1.8.0_152-release-1343-b01)
# Java VM: OpenJDK 64-Bit Server VM (25.152-b01 mixed mode windows-amd64 compressed oops)
# Failed to write core dump. Minidumps are not enabled by default on client versions of Windows
#

---------------  T H R E A D  ---------------

Current thread (0x00000000169c9000):  JavaThread "C2 CompilerThread0" daemon [_thread_in_native, id=23996, stack(0x00000000182e0000,0x00000000183e0000)]

Stack: [0x00000000182e0000,0x00000000183e0000]
[error occurred during error reporting (printing stack bounds), id 0xc0000005]

Native frames: (J=compiled Java code, j=interpreted, Vv=VM code, C=native code)


Current CompileTask:
C2:   3355 1392       4       java.net.URLClassLoader$1::run (5 bytes)


---------------  P R O C E S S  ---------------

Java Threads: ( => current thread )
  0x0000000018f44800 JavaThread "Cache worker for journal cache (C:\Users\AceZhang\.gradle\wrapper\dists\gradle-4.10.1-all\caches\journal-1)" [_thread_blocked, id=22224, stack(0x000000001b280000,0x000000001b380000)]
  0x0000000018f42800 JavaThread "File lock request listener" [_thread_in_native, id=14192, stack(0x000000001b180000,0x000000001b280000)]
  0x0000000018f47000 JavaThread "Cache worker for file hash cache (C:\Users\AceZhang\.gradle\wrapper\dists\gradle-4.10.1-all\caches\5.4.1\fileHashes)" [_thread_blocked, id=34760, stack(0x000000001ae80000,0x000000001af80000)]
  0x0000000019a76800 JavaThread "Thread-9" [_thread_blocked, id=468, stack(0x000000001ad80000,0x000000001ae80000)]
  0x0000000019a72000 JavaThread "Stdin handler" [_thread_blocked, id=1624, stack(0x000000001ac80000,0x000000001ad80000)]
  0x0000000019a63000 JavaThread "Asynchronous log dispatcher for DefaultDaemonConnection: socket connection from /127.0.0.1:61904 to /127.0.0.1:61905" [_thread_blocked, id=30408, stack(0x000000001ab80000,0x000000001ac80000)]
  0x0000000019a79800 JavaThread "Daemon worker" [_thread_in_Java, id=18232, stack(0x000000001aa80000,0x000000001ab80000)]
  0x0000000019a8e000 JavaThread "Cancel handler" [_thread_blocked, id=22636, stack(0x000000001a980000,0x000000001aa80000)]
  0x0000000019a47000 JavaThread "Handler for socket connection from /127.0.0.1:61904 to /127.0.0.1:61905" [_thread_in_native, id=36804, stack(0x000000001a680000,0x000000001a780000)]
  0x0000000019838800 JavaThread "Daemon" [_thread_blocked, id=8432, stack(0x000000001a580000,0x000000001a680000)]
  0x0000000019837000 JavaThread "Daemon periodic checks" [_thread_blocked, id=29796, stack(0x000000001a480000,0x000000001a580000)]
  0x00000000197e2800 JavaThread "Incoming local TCP Connector on port 61904" [_thread_in_native, id=13004, stack(0x000000001a2d0000,0x000000001a3d0000)]
  0x0000000019126800 JavaThread "Daemon health stats" [_thread_blocked, id=26112, stack(0x0000000019fb0000,0x000000001a0b0000)]
  0x0000000017d68000 JavaThread "Service Thread" daemon [_thread_blocked, id=34208, stack(0x00000000185e0000,0x00000000186e0000)]
  0x00000000169ce000 JavaThread "C1 CompilerThread2" daemon [_thread_blocked, id=34768, stack(0x00000000184e0000,0x00000000185e0000)]
  0x0000000017cf1800 JavaThread "C2 CompilerThread1" daemon [_thread_in_native, id=18000, stack(0x00000000183e0000,0x00000000184e0000)]
=>0x00000000169c9000 JavaThread "C2 CompilerThread0" daemon [_thread_in_native, id=23996, stack(0x00000000182e0000,0x00000000183e0000)]
  0x00000000169c8800 JavaThread "Attach Listener" daemon [_thread_blocked, id=30492, stack(0x00000000181e0000,0x00000000182e0000)]
  0x0000000017ce8800 JavaThread "Signal Dispatcher" daemon [_thread_blocked, id=26572, stack(0x00000000180e0000,0x00000000181e0000)]
  0x0000000016959800 JavaThread "Finalizer" daemon [_thread_blocked, id=36604, stack(0x0000000017be0000,0x0000000017ce0000)]
  0x0000000002fef800 JavaThread "Reference Handler" daemon [_thread_blocked, id=34296, stack(0x0000000017ae0000,0x0000000017be0000)]
  0x0000000002b2d800 JavaThread "main" [_thread_blocked, id=34516, stack(0x0000000002a20000,0x0000000002b20000)]

Other Threads:
  0x0000000016937000 VMThread [stack: 0x00000000179e0000,0x0000000017ae0000] [id=33944]
  0x0000000017d69000 WatcherThread [stack: 0x00000000186e0000,0x00000000187e0000] [id=29660]

VM state:not at safepoint (normal execution)

VM Mutex/Monitor currently owned by a thread: None

Heap:
 PSYoungGen      total 38400K, used 34108K [0x00000000e0000000, 0x00000000e2a80000, 0x0000000100000000)
  eden space 33280K, 87% used [0x00000000e0000000,0x00000000e1c51be8,0x00000000e2080000)
  from space 5120K, 99% used [0x00000000e2080000,0x00000000e257d450,0x00000000e2580000)
  to   space 5120K, 0% used [0x00000000e2580000,0x00000000e2580000,0x00000000e2a80000)
 ParOldGen       total 87552K, used 1724K [0x00000000a0000000, 0x00000000a5580000, 0x00000000e0000000)
  object space 87552K, 1% used [0x00000000a0000000,0x00000000a01af108,0x00000000a5580000)
 Metaspace       used 15201K, capacity 15624K, committed 15872K, reserved 1062912K
  class space    used 2157K, capacity 2298K, committed 2304K, reserved 1048576K

Card table byte_map: [0x00000000123c0000,0x00000000126d0000] byte_map_base: 0x0000000011ec0000

Marking Bits: (ParMarkBitMap*) 0x00000000533f5aa0
 Begin Bits: [0x0000000012cd0000, 0x00000000144d0000)
 End Bits:   [0x00000000144d0000, 0x0000000015cd0000)

Polling page: 0x0000000000e10000

CodeCache: size=245760Kb used=5095Kb max_used=5102Kb free=240664Kb
 bounds [0x0000000003000000, 0x0000000003500000, 0x0000000012000000]
 total_blobs=1833 nmethods=1445 adapters=302
 compilation: enabled

Compilation events (10 events):
Event: 3.286 Thread 0x0000000017cf1800 nmethod 1442 0x00000000034fd410 code [0x00000000034fd560, 0x00000000034fd9f8]
Event: 3.288 Thread 0x0000000017cf1800 1443   !   4       java.net.URLClassLoader$1::run (63 bytes)
Event: 3.322 Thread 0x00000000169ce000 1444       3       java.nio.HeapByteBuffer::ix (7 bytes)
Event: 3.322 Thread 0x00000000169ce000 nmethod 1444 0x00000000034fd110 code [0x00000000034fd260, 0x00000000034fd3b0]
Event: 3.332 Thread 0x00000000169ce000 1445       3       java.util.regex.Pattern$BmpCharProperty::<init> (5 bytes)
Event: 3.333 Thread 0x00000000169ce000 nmethod 1445 0x00000000034fca50 code [0x00000000034fcbe0, 0x00000000034fcf30]
Event: 3.333 Thread 0x00000000169ce000 1446       3       java.util.regex.Pattern$BmpCharProperty::<init> (6 bytes)
Event: 3.333 Thread 0x00000000169ce000 nmethod 1446 0x00000000034fc490 code [0x00000000034fc600, 0x00000000034fc8f0]
Event: 3.348 Thread 0x00000000169ce000 1447       3       java.lang.ClassLoader::addClass (9 bytes)
Event: 3.348 Thread 0x00000000169ce000 nmethod 1447 0x00000000034fc050 code [0x00000000034fc1c0, 0x00000000034fc3e8]

GC Heap History (6 events):
Event: 1.036 GC heap before
{Heap before GC invocations=1 (full 0):
 PSYoungGen      total 38400K, used 33280K [0x00000000e0000000, 0x00000000e2a80000, 0x0000000100000000)
  eden space 33280K, 100% used [0x00000000e0000000,0x00000000e2080000,0x00000000e2080000)
  from space 5120K, 0% used [0x00000000e2580000,0x00000000e2580000,0x00000000e2a80000)
  to   space 5120K, 0% used [0x00000000e2080000,0x00000000e2080000,0x00000000e2580000)
 ParOldGen       total 87552K, used 0K [0x00000000a0000000, 0x00000000a5580000, 0x00000000e0000000)
  object space 87552K, 0% used [0x00000000a0000000,0x00000000a0000000,0x00000000a5580000)
 Metaspace       used 6990K, capacity 7248K, committed 7424K, reserved 1056768K
  class space    used 853K, capacity 909K, committed 1024K, reserved 1048576K
Event: 1.041 GC heap after
Heap after GC invocations=1 (full 0):
 PSYoungGen      total 38400K, used 4554K [0x00000000e0000000, 0x00000000e2a80000, 0x0000000100000000)
  eden space 33280K, 0% used [0x00000000e0000000,0x00000000e0000000,0x00000000e2080000)
  from space 5120K, 88% used [0x00000000e2080000,0x00000000e24f29a0,0x00000000e2580000)
  to   space 5120K, 0% used [0x00000000e2580000,0x00000000e2580000,0x00000000e2a80000)
 ParOldGen       total 87552K, used 8K [0x00000000a0000000, 0x00000000a5580000, 0x00000000e0000000)
  object space 87552K, 0% used [0x00000000a0000000,0x00000000a0002000,0x00000000a5580000)
 Metaspace       used 6990K, capacity 7248K, committed 7424K, reserved 1056768K
  class space    used 853K, capacity 909K, committed 1024K, reserved 1048576K
}
Event: 1.416 GC heap before
{Heap before GC invocations=2 (full 0):
 PSYoungGen      total 38400K, used 37834K [0x00000000e0000000, 0x00000000e2a80000, 0x0000000100000000)
  eden space 33280K, 100% used [0x00000000e0000000,0x00000000e2080000,0x00000000e2080000)
  from space 5120K, 88% used [0x00000000e2080000,0x00000000e24f29a0,0x00000000e2580000)
  to   space 5120K, 0% used [0x00000000e2580000,0x00000000e2580000,0x00000000e2a80000)
 ParOldGen       total 87552K, used 8K [0x00000000a0000000, 0x00000000a5580000, 0x00000000e0000000)
  object space 87552K, 0% used [0x00000000a0000000,0x00000000a0002000,0x00000000a5580000)
 Metaspace       used 8225K, capacity 8556K, committed 8832K, reserved 1056768K
  class space    used 1037K, capacity 1112K, committed 1152K, reserved 1048576K
Event: 1.420 GC heap after
Heap after GC invocations=2 (full 0):
 PSYoungGen      total 38400K, used 4441K [0x00000000e0000000, 0x00000000e2a80000, 0x0000000100000000)
  eden space 33280K, 0% used [0x00000000e0000000,0x00000000e0000000,0x00000000e2080000)
  from space 5120K, 86% used [0x00000000e2580000,0x00000000e29d65d0,0x00000000e2a80000)
  to   space 5120K, 0% used [0x00000000e2080000,0x00000000e2080000,0x00000000e2580000)
 ParOldGen       total 87552K, used 16K [0x00000000a0000000, 0x00000000a5580000, 0x00000000e0000000)
  object space 87552K, 0% used [0x00000000a0000000,0x00000000a0004000,0x00000000a5580000)
 Metaspace       used 8225K, capacity 8556K, committed 8832K, reserved 1056768K
  class space    used 1037K, capacity 1112K, committed 1152K, reserved 1048576K
}
Event: 2.848 GC heap before
{Heap before GC invocations=3 (full 0):
 PSYoungGen      total 38400K, used 37721K [0x00000000e0000000, 0x00000000e2a80000, 0x0000000100000000)
  eden space 33280K, 100% used [0x00000000e0000000,0x00000000e2080000,0x00000000e2080000)
  from space 5120K, 86% used [0x00000000e2580000,0x00000000e29d65d0,0x00000000e2a80000)
  to   space 5120K, 0% used [0x00000000e2080000,0x00000000e2080000,0x00000000e2580000)
 ParOldGen       total 87552K, used 16K [0x00000000a0000000, 0x00000000a5580000, 0x00000000e0000000)
  object space 87552K, 0% used [0x00000000a0000000,0x00000000a0004000,0x00000000a5580000)
 Metaspace       used 12767K, capacity 13234K, committed 13440K, reserved 1060864K
  class space    used 1750K, capacity 1901K, committed 1920K, reserved 1048576K
Event: 2.868 GC heap after
Heap after GC invocations=3 (full 0):
 PSYoungGen      total 38400K, used 5109K [0x00000000e0000000, 0x00000000e2a80000, 0x0000000100000000)
  eden space 33280K, 0% used [0x00000000e0000000,0x00000000e0000000,0x00000000e2080000)
  from space 5120K, 99% used [0x00000000e2080000,0x00000000e257d450,0x00000000e2580000)
  to   space 5120K, 0% used [0x00000000e2580000,0x00000000e2580000,0x00000000e2a80000)
 ParOldGen       total 87552K, used 1724K [0x00000000a0000000, 0x00000000a5580000, 0x00000000e0000000)
  object space 87552K, 1% used [0x00000000a0000000,0x00000000a01af108,0x00000000a5580000)
 Metaspace       used 12767K, capacity 13234K, committed 13440K, reserved 1060864K
  class space    used 1750K, capacity 1901K, committed 1920K, reserved 1048576K
}

Deoptimization events (10 events):
Event: 2.669 Thread 0x0000000019a79800 Uncommon trap: reason=bimorphic action=maybe_recompile pc=0x000000000327f8b0 method=java.util.HashMap.putVal(ILjava/lang/Object;Ljava/lang/Object;ZZ)Ljava/lang/Object; @ 253
Event: 2.669 Thread 0x0000000019a79800 Uncommon trap: reason=class_check action=maybe_recompile pc=0x0000000003280258 method=java.util.HashMap.putVal(ILjava/lang/Object;Ljava/lang/Object;ZZ)Ljava/lang/Object; @ 203
Event: 2.669 Thread 0x0000000019a79800 Uncommon trap: reason=class_check action=maybe_recompile pc=0x0000000003280258 method=java.util.HashMap.putVal(ILjava/lang/Object;Ljava/lang/Object;ZZ)Ljava/lang/Object; @ 203
Event: 2.669 Thread 0x0000000019a79800 Uncommon trap: reason=bimorphic action=maybe_recompile pc=0x000000000327f8b0 method=java.util.HashMap.putVal(ILjava/lang/Object;Ljava/lang/Object;ZZ)Ljava/lang/Object; @ 253
Event: 2.669 Thread 0x0000000019a79800 Uncommon trap: reason=bimorphic action=maybe_recompile pc=0x000000000327f8b0 method=java.util.HashMap.putVal(ILjava/lang/Object;Ljava/lang/Object;ZZ)Ljava/lang/Object; @ 253
Event: 2.935 Thread 0x0000000019a79800 Uncommon trap: reason=class_check action=maybe_recompile pc=0x00000000032d3858 method=java.util.regex.Matcher.match(II)Z @ 86
Event: 2.950 Thread 0x0000000019a79800 Uncommon trap: reason=class_check action=maybe_recompile pc=0x00000000032d3858 method=java.util.regex.Matcher.match(II)Z @ 86
Event: 2.951 Thread 0x0000000019a79800 Uncommon trap: reason=class_check action=maybe_recompile pc=0x00000000032d3858 method=java.util.regex.Matcher.match(II)Z @ 86
Event: 2.951 Thread 0x0000000019a79800 Uncommon trap: reason=class_check action=maybe_recompile pc=0x000000000329a19c method=java.util.regex.Matcher.match(II)Z @ 86
Event: 3.346 Thread 0x0000000019a79800 Uncommon trap: reason=unstable_if action=reinterpret pc=0x00000000033b46f4 method=java.lang.String.lastIndexOf([CII[CIII)I @ 66

Classes redefined (0 events):
No events

Internal exceptions (10 events):
Event: 2.556 Thread 0x0000000019a47000 Exception <a 'java/lang/NoSuchMethodError': <clinit>> (0x00000000e0e89f68) thrown at [D:\src\AOSP-openjdk-cygwin\jdk8u\hotspot\src\share\vm\prims\jni.cpp, line 1613]
Event: 2.557 Thread 0x0000000019a47000 Exception <a 'java/lang/NoSuchMethodError': <clinit>> (0x00000000e0e9ef28) thrown at [D:\src\AOSP-openjdk-cygwin\jdk8u\hotspot\src\share\vm\prims\jni.cpp, line 1613]
Event: 2.561 Thread 0x0000000019a47000 Exception <a 'java/lang/NoSuchMethodError': <clinit>> (0x00000000e0eb2388) thrown at [D:\src\AOSP-openjdk-cygwin\jdk8u\hotspot\src\share\vm\prims\jni.cpp, line 1613]
Event: 2.568 Thread 0x0000000019a47000 Exception <a 'java/lang/NoSuchMethodError': <clinit>> (0x00000000e0ed9460) thrown at [D:\src\AOSP-openjdk-cygwin\jdk8u\hotspot\src\share\vm\prims\jni.cpp, line 1613]
Event: 2.571 Thread 0x0000000019a47000 Exception <a 'java/lang/NoSuchMethodError': <clinit>> (0x00000000e0ef1330) thrown at [D:\src\AOSP-openjdk-cygwin\jdk8u\hotspot\src\share\vm\prims\jni.cpp, line 1613]
Event: 2.572 Thread 0x0000000019a47000 Exception <a 'java/lang/NoSuchMethodError': <clinit>> (0x00000000e0ef9df8) thrown at [D:\src\AOSP-openjdk-cygwin\jdk8u\hotspot\src\share\vm\prims\jni.cpp, line 1613]
Event: 2.575 Thread 0x0000000019a47000 Exception <a 'java/lang/NoSuchMethodError': <clinit>> (0x00000000e0f10298) thrown at [D:\src\AOSP-openjdk-cygwin\jdk8u\hotspot\src\share\vm\prims\jni.cpp, line 1613]
Event: 2.588 Thread 0x0000000019a47000 Exception <a 'java/lang/NoSuchMethodError': <clinit>> (0x00000000e0f71e40) thrown at [D:\src\AOSP-openjdk-cygwin\jdk8u\hotspot\src\share\vm\prims\jni.cpp, line 1613]
Event: 2.599 Thread 0x0000000019a47000 Exception <a 'java/lang/NoSuchMethodError': <clinit>> (0x00000000e0f9e170) thrown at [D:\src\AOSP-openjdk-cygwin\jdk8u\hotspot\src\share\vm\prims\jni.cpp, line 1613]
Event: 2.603 Thread 0x0000000019a47000 Exception <a 'java/lang/NoSuchMethodError': <clinit>> (0x00000000e0fba718) thrown at [D:\src\AOSP-openjdk-cygwin\jdk8u\hotspot\src\share\vm\prims\jni.cpp, line 1613]

Events (10 events):
Event: 3.352 loading class com/google/common/io/CharSource$ConcatenatedCharSource
Event: 3.352 loading class com/google/common/io/CharSource$ConcatenatedCharSource done
Event: 3.353 loading class com/google/common/io/CharSource$CharSequenceCharSource
Event: 3.353 loading class com/google/common/io/CharSource$CharSequenceCharSource done
Event: 3.353 loading class com/google/common/io/CharSource$StringCharSource
Event: 3.353 loading class com/google/common/io/CharSource$StringCharSource done
Event: 3.354 loading class com/google/common/io/CharSource$EmptyCharSource
Event: 3.354 loading class com/google/common/io/CharSource$EmptyCharSource done
Event: 3.354 loading class com/google/common/io/CharSource$AsByteSource
Event: 3.354 loading class com/google/common/io/CharSource$AsByteSource done


Dynamic libraries:
0x00007ff605290000 - 0x00007ff6052c1000 	D:\Android Studio2\jre\bin\java.exe
0x00007fff51cc0000 - 0x00007fff51ead000 	C:\Windows\SYSTEM32\ntdll.dll
0x00007fff51090000 - 0x00007fff51143000 	C:\Windows\System32\KERNEL32.DLL
0x00007fff4e1d0000 - 0x00007fff4e463000 	C:\Windows\System32\KERNELBASE.dll
0x00007fff4f370000 - 0x00007fff4f413000 	C:\Windows\System32\ADVAPI32.dll
0x00007fff50a50000 - 0x00007fff50aee000 	C:\Windows\System32\msvcrt.dll
0x00007fff50cb0000 - 0x00007fff50d4e000 	C:\Windows\System32\sechost.dll
0x00007fff51b00000 - 0x00007fff51c22000 	C:\Windows\System32\RPCRT4.dll
0x00007fff50d50000 - 0x00007fff50ee7000 	C:\Windows\System32\USER32.dll
0x00007fff4e5a0000 - 0x00007fff4e5c0000 	C:\Windows\System32\win32u.dll
0x00007fff51ac0000 - 0x00007fff51ae9000 	C:\Windows\System32\GDI32.dll
0x00007fff4dd90000 - 0x00007fff4df29000 	C:\Windows\System32\gdi32full.dll
0x00007fff4e500000 - 0x00007fff4e5a0000 	C:\Windows\System32\msvcp_win.dll
0x00007fff4df30000 - 0x00007fff4e02a000 	C:\Windows\System32\ucrtbase.dll
0x00007fff3b5f0000 - 0x00007fff3b869000 	C:\Windows\WinSxS\amd64_microsoft.windows.common-controls_6595b64144ccf1df_6.0.17763.678_none_05b74150071d72bf\COMCTL32.dll
0x00007fff51330000 - 0x00007fff5165c000 	C:\Windows\System32\combase.dll
0x00007fff4e100000 - 0x00007fff4e17e000 	C:\Windows\System32\bcryptPrimitives.dll
0x00007fff51150000 - 0x00007fff5117e000 	C:\Windows\System32\IMM32.DLL
0x0000000055d40000 - 0x0000000055e12000 	D:\Android Studio2\jre\jre\bin\msvcr100.dll
0x0000000052c30000 - 0x0000000053471000 	D:\Android Studio2\jre\jre\bin\server\jvm.dll
0x00007fff51af0000 - 0x00007fff51af8000 	C:\Windows\System32\PSAPI.DLL
0x00007fff47cb0000 - 0x00007fff47cb9000 	C:\Windows\SYSTEM32\WSOCK32.dll
0x00007fff517f0000 - 0x00007fff5185d000 	C:\Windows\System32\WS2_32.dll
0x00007fff4ba50000 - 0x00007fff4ba74000 	C:\Windows\SYSTEM32\WINMM.dll
0x00007fff4bee0000 - 0x00007fff4beea000 	C:\Windows\SYSTEM32\VERSION.dll
0x00007fff4ba20000 - 0x00007fff4ba4d000 	C:\Windows\SYSTEM32\winmmbase.dll
0x00007fff4e180000 - 0x00007fff4e1ca000 	C:\Windows\System32\cfgmgr32.dll
0x00007fff4bfd0000 - 0x00007fff4bfdf000 	D:\Android Studio2\jre\jre\bin\verify.dll
0x00007fff35610000 - 0x00007fff35639000 	D:\Android Studio2\jre\jre\bin\java.dll
0x00007fff3fc20000 - 0x00007fff3fc36000 	D:\Android Studio2\jre\jre\bin\zip.dll
0x00007fff4f430000 - 0x00007fff50920000 	C:\Windows\System32\SHELL32.dll
0x00007fff51860000 - 0x00007fff51908000 	C:\Windows\System32\shcore.dll
0x00007fff4e5c0000 - 0x00007fff4ed0a000 	C:\Windows\System32\windows.storage.dll
0x00007fff4dce0000 - 0x00007fff4dd04000 	C:\Windows\System32\profapi.dll
0x00007fff4dd30000 - 0x00007fff4dd8d000 	C:\Windows\System32\powrprof.dll
0x00007fff51c30000 - 0x00007fff51c82000 	C:\Windows\System32\shlwapi.dll
0x00007fff4dcc0000 - 0x00007fff4dcd1000 	C:\Windows\System32\kernel.appcore.dll
0x00007fff4e0e0000 - 0x00007fff4e0f7000 	C:\Windows\System32\cryptsp.dll
0x00007fff356d0000 - 0x00007fff356ea000 	D:\Android Studio2\jre\jre\bin\net.dll
0x00007fff4d530000 - 0x00007fff4d597000 	C:\Windows\system32\mswsock.dll
0x00007fff33f40000 - 0x00007fff33f51000 	D:\Android Studio2\jre\jre\bin\nio.dll
0x00007fff36df0000 - 0x00007fff36e16000 	C:\Users\AceZhang\.gradle\wrapper\dists\gradle-4.10.1-all\native\29\windows-amd64\native-platform.dll
0x00007fff479e0000 - 0x00007fff479ed000 	D:\Android Studio2\jre\jre\bin\management.dll
0x00007fff4d0b0000 - 0x00007fff4d0e3000 	C:\Windows\system32\rsaenh.dll
0x00007fff4e4d0000 - 0x00007fff4e4f6000 	C:\Windows\System32\bcrypt.dll
0x00007fff4dbf0000 - 0x00007fff4dc18000 	C:\Windows\SYSTEM32\USERENV.dll
0x00007fff4d700000 - 0x00007fff4d70c000 	C:\Windows\SYSTEM32\CRYPTBASE.dll
0x00007fff4d250000 - 0x00007fff4d28d000 	C:\Windows\SYSTEM32\IPHLPAPI.DLL
0x00007fff4f420000 - 0x00007fff4f428000 	C:\Windows\System32\NSI.dll
0x00007fff448f0000 - 0x00007fff44906000 	C:\Windows\SYSTEM32\dhcpcsvc6.DLL
0x00007fff43f00000 - 0x00007fff43f1c000 	C:\Windows\SYSTEM32\dhcpcsvc.DLL
0x00007fff4d290000 - 0x00007fff4d356000 	C:\Windows\SYSTEM32\DNSAPI.dll

VM Arguments:
jvm_args: -Xmx1536m -Dfile.encoding=GBK -Duser.country=CN -Duser.language=zh -Duser.variant 
java_command: org.gradle.launcher.daemon.bootstrap.GradleDaemon 5.4.1
java_class_path (initial): C:\Users\AceZhang\.gradle\wrapper\dists\gradle-4.10.1-all\wrapper\dists\gradle-5.4.1-all\3221gyojl5jsh0helicew7rwx\gradle-5.4.1\lib\gradle-launcher-5.4.1.jar
Launcher Type: SUN_STANDARD

Environment Variables:
JAVA_HOME=C:\Program Files\Java\jdk1.8.0_211
PATH=C:\Program Files (x86)\Common Files\Oracle\Java\javapath;C:\Windows\system32;C:\Windows;C:\Windows\System32\Wbem;C:\Windows\System32\WindowsPowerShell\v1.0\;C:\Windows\System32\OpenSSH\;C:\Program Files\Java\jdk1.8.0_211\bin;C:\Program Files\Java\jdk1.8.0_211\lib;D:\pycSafefile\x64;E:\apache-maven-3.6.1-bin\apache-maven-3.6.1\bin;D:\nodejs\;C:\Users\AceZhang\AppData\Local\Programs\Python\Python37\Scripts\;C:\Users\AceZhang\AppData\Local\Programs\Python\Python37\;C:\Users\AceZhang\AppData\Local\Microsoft\WindowsApps;;C:\Program Files\JetBrains\PyCharm 2019.1.3\bin;;C:\Users\AceZhang\AppData\Roaming\npm;D:\Microsoft VS Code\bin
USERNAME=AceZhang
OS=Windows_NT
PROCESSOR_IDENTIFIER=Intel64 Family 6 Model 142 Stepping 9, GenuineIntel



---------------  S Y S T E M  ---------------

OS: Windows 10.0 , 64 bit Build 17763 (10.0.17763.475)

CPU:total 4 (initial active 4) (2 cores per cpu, 2 threads per core) family 6 model 142 stepping 9, cmov, cx8, fxsr, mmx, sse, sse2, sse3, ssse3, sse4.1, sse4.2, popcnt, avx, avx2, aes, clmul, erms, 3dnowpref, lzcnt, ht, tsc, tscinvbit, bmi1, bmi2, adx

Memory: 4k page, physical 8260324k(1015068k free), swap 24685408k(6200k free)

vm_info: OpenJDK 64-Bit Server VM (25.152-b01) for windows-amd64 JRE (1.8.0_152-release-1343-b01), built by "builder" with MS VC++ 10.0 (VS2010)

time: Mon Sep 09 21:41:54 2019
elapsed time: 3 seconds (0d 0h 0m 3s)

