#
# There is insufficient memory for the Java Runtime Environment to continue.
# Native memory allocation (malloc) failed to allocate 32744 bytes for ChunkPool::allocate
# Possible reasons:
#   The system is out of physical RAM or swap space
#   In 32 bit mode, the process size limit was hit
# Possible solutions:
#   Reduce memory load on the system
#   Increase physical memory or swap space
#   Check if swap backing store is full
#   Use 64 bit Java on a 64 bit OS
#   Decrease Java heap size (-Xmx/-Xms)
#   Decrease number of Java threads
#   Decrease Java thread stack sizes (-Xss)
#   Set larger code cache with -XX:ReservedCodeCacheSize=
# This output file may be truncated or incomplete.
#
#  Out of Memory Error (allocation.cpp:273), pid=25428, tid=0x00000000000049dc
#
# JRE version: OpenJDK Runtime Environment (8.0_152-b01) (build 1.8.0_152-release-1343-b01)
# Java VM: OpenJDK 64-Bit Server VM (25.152-b01 mixed mode windows-amd64 compressed oops)
# Failed to write core dump. Minidumps are not enabled by default on client versions of Windows
#

---------------  T H R E A D  ---------------

Current thread (0x000000001707e800):  JavaThread "C2 CompilerThread1" daemon [_thread_in_native, id=18908, stack(0x0000000018a70000,0x0000000018b70000)]

Stack: [0x0000000018a70000,0x0000000018b70000]
[error occurred during error reporting (printing stack bounds), id 0xc0000005]

Native frames: (J=compiled Java code, j=interpreted, Vv=VM code, C=native code)


Current CompileTask:
C2:   4251 1390       4       java.net.URLClassLoader$1::run (5 bytes)


---------------  P R O C E S S  ---------------

Java Threads: ( => current thread )
  0x000000001a135800 JavaThread "Cache worker for journal cache (C:\Users\AceZhang\.gradle\wrapper\dists\gradle-4.10.1-all\caches\journal-1)" [_thread_blocked, id=28408, stack(0x000000001b8f0000,0x000000001b9f0000)]
  0x000000001a135000 JavaThread "File lock request listener" [_thread_in_native, id=33040, stack(0x000000001b7f0000,0x000000001b8f0000)]
  0x000000001a136800 JavaThread "Cache worker for file hash cache (C:\Users\AceZhang\.gradle\wrapper\dists\gradle-4.10.1-all\caches\5.4.1\fileHashes)" [_thread_blocked, id=10864, stack(0x000000001b4f0000,0x000000001b5f0000)]
  0x000000001a009800 JavaThread "Thread-9" [_thread_blocked, id=14408, stack(0x000000001b3f0000,0x000000001b4f0000)]
  0x000000001a005000 JavaThread "Stdin handler" [_thread_blocked, id=9784, stack(0x000000001b2f0000,0x000000001b3f0000)]
  0x000000001a004800 JavaThread "Asynchronous log dispatcher for DefaultDaemonConnection: socket connection from /127.0.0.1:61938 to /127.0.0.1:61939" [_thread_blocked, id=10596, stack(0x000000001b1f0000,0x000000001b2f0000)]
  0x000000001a01b800 JavaThread "Daemon worker" [_thread_in_vm, id=9108, stack(0x000000001b0f0000,0x000000001b1f0000)]
  0x000000001a018000 JavaThread "Cancel handler" [_thread_blocked, id=30884, stack(0x000000001aff0000,0x000000001b0f0000)]
  0x0000000019fc4800 JavaThread "Handler for socket connection from /127.0.0.1:61938 to /127.0.0.1:61939" [_thread_in_native, id=22212, stack(0x000000001acf0000,0x000000001adf0000)]
  0x0000000019fbe800 JavaThread "Daemon periodic checks" [_thread_blocked, id=22288, stack(0x000000001abf0000,0x000000001acf0000)]
  0x0000000019fb3000 JavaThread "Daemon" [_thread_blocked, id=26348, stack(0x000000001aaf0000,0x000000001abf0000)]
  0x0000000019f63000 JavaThread "Incoming local TCP Connector on port 61938" [_thread_in_native, id=29120, stack(0x000000001a940000,0x000000001aa40000)]
  0x00000000199aa000 JavaThread "Daemon health stats" [_thread_blocked, id=20948, stack(0x000000001a640000,0x000000001a740000)]
  0x00000000183ab000 JavaThread "Service Thread" daemon [_thread_blocked, id=29912, stack(0x0000000018c70000,0x0000000018d70000)]
  0x000000001837d800 JavaThread "C1 CompilerThread2" daemon [_thread_blocked, id=24808, stack(0x0000000018b70000,0x0000000018c70000)]
=>0x000000001707e800 JavaThread "C2 CompilerThread1" daemon [_thread_in_native, id=18908, stack(0x0000000018a70000,0x0000000018b70000)]
  0x0000000017079000 JavaThread "C2 CompilerThread0" daemon [_thread_in_native, id=30188, stack(0x0000000018970000,0x0000000018a70000)]
  0x0000000017078800 JavaThread "Attach Listener" daemon [_thread_blocked, id=14608, stack(0x0000000018870000,0x0000000018970000)]
  0x0000000018378800 JavaThread "Signal Dispatcher" daemon [_thread_blocked, id=16928, stack(0x0000000018770000,0x0000000018870000)]
  0x0000000017009800 JavaThread "Finalizer" daemon [_thread_blocked, id=2304, stack(0x0000000018270000,0x0000000018370000)]
  0x000000000369f800 JavaThread "Reference Handler" daemon [_thread_blocked, id=17256, stack(0x0000000018170000,0x0000000018270000)]
  0x00000000035ad800 JavaThread "main" [_thread_blocked, id=18372, stack(0x0000000003450000,0x0000000003550000)]

Other Threads:
  0x0000000016fe7000 VMThread [stack: 0x0000000018070000,0x0000000018170000] [id=17640]
  0x00000000183ae000 WatcherThread [stack: 0x0000000018d70000,0x0000000018e70000] [id=21120]

VM state:not at safepoint (normal execution)

VM Mutex/Monitor currently owned by a thread: None

Heap:
 PSYoungGen      total 38400K, used 16308K [0x00000000e0000000, 0x00000000e2a80000, 0x0000000100000000)
  eden space 33280K, 33% used [0x00000000e0000000,0x00000000e0af3f88,0x00000000e2080000)
  from space 5120K, 99% used [0x00000000e2080000,0x00000000e2579440,0x00000000e2580000)
  to   space 5120K, 0% used [0x00000000e2580000,0x00000000e2580000,0x00000000e2a80000)
 ParOldGen       total 87552K, used 1764K [0x00000000a0000000, 0x00000000a5580000, 0x00000000e0000000)
  object space 87552K, 2% used [0x00000000a0000000,0x00000000a01b91c0,0x00000000a5580000)
 Metaspace       used 14055K, capacity 14552K, committed 14720K, reserved 1062912K
  class space    used 1951K, capacity 2064K, committed 2176K, reserved 1048576K

Card table byte_map: [0x0000000012a70000,0x0000000012d80000] byte_map_base: 0x0000000012570000

Marking Bits: (ParMarkBitMap*) 0x00000000533f5aa0
 Begin Bits: [0x0000000013380000, 0x0000000014b80000)
 End Bits:   [0x0000000014b80000, 0x0000000016380000)

Polling page: 0x0000000001830000

CodeCache: size=245760Kb used=4951Kb max_used=4963Kb free=240808Kb
 bounds [0x00000000036b0000, 0x0000000003b90000, 0x00000000126b0000]
 total_blobs=1769 nmethods=1389 adapters=294
 compilation: enabled

Compilation events (10 events):
Event: 4.162 Thread 0x000000001837d800 1386       3       sun.reflect.ReflectionFactory::inflationThreshold (4 bytes)
Event: 4.162 Thread 0x000000001837d800 nmethod 1386 0x0000000003b72fd0 code [0x0000000003b73120, 0x0000000003b73250]
Event: 4.173 Thread 0x000000001837d800 1387       1       java.util.concurrent.atomic.AtomicInteger::get (5 bytes)
Event: 4.173 Thread 0x000000001837d800 nmethod 1387 0x0000000003b72b10 code [0x0000000003b72c60, 0x0000000003b72d70]
Event: 4.198 Thread 0x000000001837d800 1388   !   3       java.io.WinNTFileSystem::resolve (362 bytes)
Event: 4.206 Thread 0x000000001837d800 nmethod 1388 0x0000000003b81250 code [0x0000000003b81ac0, 0x0000000003b87678]
Event: 4.208 Thread 0x0000000017079000 1389   !   4       java.net.URLClassLoader::findClass (47 bytes)
Event: 4.210 Thread 0x000000001707e800 1390       4       java.net.URLClassLoader$1::run (5 bytes)
Event: 4.212 Thread 0x0000000017079000 nmethod 1389 0x0000000003b7cb10 code [0x0000000003b7cca0, 0x0000000003b7ce98]
Event: 4.212 Thread 0x0000000017079000 1391   !   4       java.net.URLClassLoader$1::run (63 bytes)

GC Heap History (6 events):
Event: 1.373 GC heap before
{Heap before GC invocations=1 (full 0):
 PSYoungGen      total 38400K, used 33280K [0x00000000e0000000, 0x00000000e2a80000, 0x0000000100000000)
  eden space 33280K, 100% used [0x00000000e0000000,0x00000000e2080000,0x00000000e2080000)
  from space 5120K, 0% used [0x00000000e2580000,0x00000000e2580000,0x00000000e2a80000)
  to   space 5120K, 0% used [0x00000000e2080000,0x00000000e2080000,0x00000000e2580000)
 ParOldGen       total 87552K, used 0K [0x00000000a0000000, 0x00000000a5580000, 0x00000000e0000000)
  object space 87552K, 0% used [0x00000000a0000000,0x00000000a0000000,0x00000000a5580000)
 Metaspace       used 6990K, capacity 7248K, committed 7424K, reserved 1056768K
  class space    used 853K, capacity 909K, committed 1024K, reserved 1048576K
Event: 1.380 GC heap after
Heap after GC invocations=1 (full 0):
 PSYoungGen      total 38400K, used 4535K [0x00000000e0000000, 0x00000000e2a80000, 0x0000000100000000)
  eden space 33280K, 0% used [0x00000000e0000000,0x00000000e0000000,0x00000000e2080000)
  from space 5120K, 88% used [0x00000000e2080000,0x00000000e24edeb0,0x00000000e2580000)
  to   space 5120K, 0% used [0x00000000e2580000,0x00000000e2580000,0x00000000e2a80000)
 ParOldGen       total 87552K, used 8K [0x00000000a0000000, 0x00000000a5580000, 0x00000000e0000000)
  object space 87552K, 0% used [0x00000000a0000000,0x00000000a0002000,0x00000000a5580000)
 Metaspace       used 6990K, capacity 7248K, committed 7424K, reserved 1056768K
  class space    used 853K, capacity 909K, committed 1024K, reserved 1048576K
}
Event: 1.880 GC heap before
{Heap before GC invocations=2 (full 0):
 PSYoungGen      total 38400K, used 37815K [0x00000000e0000000, 0x00000000e2a80000, 0x0000000100000000)
  eden space 33280K, 100% used [0x00000000e0000000,0x00000000e2080000,0x00000000e2080000)
  from space 5120K, 88% used [0x00000000e2080000,0x00000000e24edeb0,0x00000000e2580000)
  to   space 5120K, 0% used [0x00000000e2580000,0x00000000e2580000,0x00000000e2a80000)
 ParOldGen       total 87552K, used 8K [0x00000000a0000000, 0x00000000a5580000, 0x00000000e0000000)
  object space 87552K, 0% used [0x00000000a0000000,0x00000000a0002000,0x00000000a5580000)
 Metaspace       used 8217K, capacity 8556K, committed 8832K, reserved 1056768K
  class space    used 1037K, capacity 1112K, committed 1152K, reserved 1048576K
Event: 1.886 GC heap after
Heap after GC invocations=2 (full 0):
 PSYoungGen      total 38400K, used 4425K [0x00000000e0000000, 0x00000000e2a80000, 0x0000000100000000)
  eden space 33280K, 0% used [0x00000000e0000000,0x00000000e0000000,0x00000000e2080000)
  from space 5120K, 86% used [0x00000000e2580000,0x00000000e29d25c0,0x00000000e2a80000)
  to   space 5120K, 0% used [0x00000000e2080000,0x00000000e2080000,0x00000000e2580000)
 ParOldGen       total 87552K, used 16K [0x00000000a0000000, 0x00000000a5580000, 0x00000000e0000000)
  object space 87552K, 0% used [0x00000000a0000000,0x00000000a0004000,0x00000000a5580000)
 Metaspace       used 8217K, capacity 8556K, committed 8832K, reserved 1056768K
  class space    used 1037K, capacity 1112K, committed 1152K, reserved 1048576K
}
Event: 3.967 GC heap before
{Heap before GC invocations=3 (full 0):
 PSYoungGen      total 38400K, used 37705K [0x00000000e0000000, 0x00000000e2a80000, 0x0000000100000000)
  eden space 33280K, 100% used [0x00000000e0000000,0x00000000e2080000,0x00000000e2080000)
  from space 5120K, 86% used [0x00000000e2580000,0x00000000e29d25c0,0x00000000e2a80000)
  to   space 5120K, 0% used [0x00000000e2080000,0x00000000e2080000,0x00000000e2580000)
 ParOldGen       total 87552K, used 16K [0x00000000a0000000, 0x00000000a5580000, 0x00000000e0000000)
  object space 87552K, 0% used [0x00000000a0000000,0x00000000a0004000,0x00000000a5580000)
 Metaspace       used 12752K, capacity 13170K, committed 13440K, reserved 1060864K
  class space    used 1749K, capacity 1901K, committed 1920K, reserved 1048576K
Event: 3.981 GC heap after
Heap after GC invocations=3 (full 0):
 PSYoungGen      total 38400K, used 5093K [0x00000000e0000000, 0x00000000e2a80000, 0x0000000100000000)
  eden space 33280K, 0% used [0x00000000e0000000,0x00000000e0000000,0x00000000e2080000)
  from space 5120K, 99% used [0x00000000e2080000,0x00000000e2579440,0x00000000e2580000)
  to   space 5120K, 0% used [0x00000000e2580000,0x00000000e2580000,0x00000000e2a80000)
 ParOldGen       total 87552K, used 1764K [0x00000000a0000000, 0x00000000a5580000, 0x00000000e0000000)
  object space 87552K, 2% used [0x00000000a0000000,0x00000000a01b91c0,0x00000000a5580000)
 Metaspace       used 12752K, capacity 13170K, committed 13440K, reserved 1060864K
  class space    used 1749K, capacity 1901K, committed 1920K, reserved 1048576K
}

Deoptimization events (10 events):
Event: 3.734 Thread 0x000000001a01b800 Uncommon trap: reason=bimorphic action=maybe_recompile pc=0x0000000003936ac4 method=java.util.HashMap.putVal(ILjava/lang/Object;Ljava/lang/Object;ZZ)Ljava/lang/Object; @ 253
Event: 3.735 Thread 0x000000001a01b800 Uncommon trap: reason=bimorphic action=maybe_recompile pc=0x0000000003936ac4 method=java.util.HashMap.putVal(ILjava/lang/Object;Ljava/lang/Object;ZZ)Ljava/lang/Object; @ 253
Event: 3.735 Thread 0x000000001a01b800 Uncommon trap: reason=class_check action=maybe_recompile pc=0x000000000393746c method=java.util.HashMap.putVal(ILjava/lang/Object;Ljava/lang/Object;ZZ)Ljava/lang/Object; @ 203
Event: 3.735 Thread 0x000000001a01b800 Uncommon trap: reason=class_check action=maybe_recompile pc=0x000000000393746c method=java.util.HashMap.putVal(ILjava/lang/Object;Ljava/lang/Object;ZZ)Ljava/lang/Object; @ 203
Event: 3.735 Thread 0x000000001a01b800 Uncommon trap: reason=bimorphic action=maybe_recompile pc=0x0000000003936ac4 method=java.util.HashMap.putVal(ILjava/lang/Object;Ljava/lang/Object;ZZ)Ljava/lang/Object; @ 253
Event: 3.735 Thread 0x000000001a01b800 Uncommon trap: reason=bimorphic action=maybe_recompile pc=0x0000000003936ac4 method=java.util.HashMap.putVal(ILjava/lang/Object;Ljava/lang/Object;ZZ)Ljava/lang/Object; @ 253
Event: 4.073 Thread 0x000000001a01b800 Uncommon trap: reason=class_check action=maybe_recompile pc=0x0000000003988a18 method=java.util.regex.Matcher.match(II)Z @ 86
Event: 4.096 Thread 0x000000001a01b800 Uncommon trap: reason=class_check action=maybe_recompile pc=0x0000000003988a18 method=java.util.regex.Matcher.match(II)Z @ 86
Event: 4.096 Thread 0x000000001a01b800 Uncommon trap: reason=class_check action=maybe_recompile pc=0x0000000003988a18 method=java.util.regex.Matcher.match(II)Z @ 86
Event: 4.097 Thread 0x000000001a01b800 Uncommon trap: reason=class_check action=maybe_recompile pc=0x000000000394c49c method=java.util.regex.Matcher.match(II)Z @ 86

Classes redefined (0 events):
No events

Internal exceptions (10 events):
Event: 3.608 Thread 0x0000000019fc4800 Exception <a 'java/lang/NoSuchMethodError': <clinit>> (0x00000000e0e92ee0) thrown at [D:\src\AOSP-openjdk-cygwin\jdk8u\hotspot\src\share\vm\prims\jni.cpp, line 1613]
Event: 3.611 Thread 0x0000000019fc4800 Exception <a 'java/lang/NoSuchMethodError': <clinit>> (0x00000000e0ea7ea0) thrown at [D:\src\AOSP-openjdk-cygwin\jdk8u\hotspot\src\share\vm\prims\jni.cpp, line 1613]
Event: 3.618 Thread 0x0000000019fc4800 Exception <a 'java/lang/NoSuchMethodError': <clinit>> (0x00000000e0ebb300) thrown at [D:\src\AOSP-openjdk-cygwin\jdk8u\hotspot\src\share\vm\prims\jni.cpp, line 1613]
Event: 3.625 Thread 0x0000000019fc4800 Exception <a 'java/lang/NoSuchMethodError': <clinit>> (0x00000000e0ee23a8) thrown at [D:\src\AOSP-openjdk-cygwin\jdk8u\hotspot\src\share\vm\prims\jni.cpp, line 1613]
Event: 3.628 Thread 0x0000000019fc4800 Exception <a 'java/lang/NoSuchMethodError': <clinit>> (0x00000000e0efa278) thrown at [D:\src\AOSP-openjdk-cygwin\jdk8u\hotspot\src\share\vm\prims\jni.cpp, line 1613]
Event: 3.629 Thread 0x0000000019fc4800 Exception <a 'java/lang/NoSuchMethodError': <clinit>> (0x00000000e0f02d40) thrown at [D:\src\AOSP-openjdk-cygwin\jdk8u\hotspot\src\share\vm\prims\jni.cpp, line 1613]
Event: 3.633 Thread 0x0000000019fc4800 Exception <a 'java/lang/NoSuchMethodError': <clinit>> (0x00000000e0f191d0) thrown at [D:\src\AOSP-openjdk-cygwin\jdk8u\hotspot\src\share\vm\prims\jni.cpp, line 1613]
Event: 3.651 Thread 0x0000000019fc4800 Exception <a 'java/lang/NoSuchMethodError': <clinit>> (0x00000000e0f7ad68) thrown at [D:\src\AOSP-openjdk-cygwin\jdk8u\hotspot\src\share\vm\prims\jni.cpp, line 1613]
Event: 3.657 Thread 0x0000000019fc4800 Exception <a 'java/lang/NoSuchMethodError': <clinit>> (0x00000000e0fa70f8) thrown at [D:\src\AOSP-openjdk-cygwin\jdk8u\hotspot\src\share\vm\prims\jni.cpp, line 1613]
Event: 3.675 Thread 0x0000000019fc4800 Exception <a 'java/lang/NoSuchMethodError': <clinit>> (0x00000000e0fc36a8) thrown at [D:\src\AOSP-openjdk-cygwin\jdk8u\hotspot\src\share\vm\prims\jni.cpp, line 1613]

Events (10 events):
Event: 4.244 loading class org/gradle/initialization/IGradlePropertiesLoader
Event: 4.244 loading class org/gradle/initialization/IGradlePropertiesLoader done
Event: 4.245 loading class org/gradle/configuration/project/ProjectEvaluator
Event: 4.245 loading class org/gradle/configuration/project/ProjectEvaluator done
Event: 4.245 loading class org/gradle/initialization/ProjectAccessListener
Event: 4.245 loading class org/gradle/initialization/ProjectAccessListener done
Event: 4.247 loading class org/gradle/initialization/ClassLoaderScopeRegistry
Event: 4.247 loading class org/gradle/initialization/ClassLoaderScopeRegistry done
Event: 4.247 loading class org/gradle/api/internal/project/ProjectTaskLister
Event: 4.247 loading class org/gradle/api/internal/project/ProjectTaskLister done


Dynamic libraries:
0x00007ff605290000 - 0x00007ff6052c1000 	D:\Android Studio2\jre\bin\java.exe
0x00007fff51cc0000 - 0x00007fff51ead000 	C:\Windows\SYSTEM32\ntdll.dll
0x00007fff51090000 - 0x00007fff51143000 	C:\Windows\System32\KERNEL32.DLL
0x00007fff4e1d0000 - 0x00007fff4e463000 	C:\Windows\System32\KERNELBASE.dll
0x00007fff4f370000 - 0x00007fff4f413000 	C:\Windows\System32\ADVAPI32.dll
0x00007fff50a50000 - 0x00007fff50aee000 	C:\Windows\System32\msvcrt.dll
0x00007fff50cb0000 - 0x00007fff50d4e000 	C:\Windows\System32\sechost.dll
0x00007fff51b00000 - 0x00007fff51c22000 	C:\Windows\System32\RPCRT4.dll
0x00007fff50d50000 - 0x00007fff50ee7000 	C:\Windows\System32\USER32.dll
0x00007fff4e5a0000 - 0x00007fff4e5c0000 	C:\Windows\System32\win32u.dll
0x00007fff51ac0000 - 0x00007fff51ae9000 	C:\Windows\System32\GDI32.dll
0x00007fff4dd90000 - 0x00007fff4df29000 	C:\Windows\System32\gdi32full.dll
0x00007fff4e500000 - 0x00007fff4e5a0000 	C:\Windows\System32\msvcp_win.dll
0x00007fff4df30000 - 0x00007fff4e02a000 	C:\Windows\System32\ucrtbase.dll
0x00007fff3b5f0000 - 0x00007fff3b869000 	C:\Windows\WinSxS\amd64_microsoft.windows.common-controls_6595b64144ccf1df_6.0.17763.678_none_05b74150071d72bf\COMCTL32.dll
0x00007fff51330000 - 0x00007fff5165c000 	C:\Windows\System32\combase.dll
0x00007fff4e100000 - 0x00007fff4e17e000 	C:\Windows\System32\bcryptPrimitives.dll
0x00007fff51150000 - 0x00007fff5117e000 	C:\Windows\System32\IMM32.DLL
0x0000000055d40000 - 0x0000000055e12000 	D:\Android Studio2\jre\jre\bin\msvcr100.dll
0x0000000052c30000 - 0x0000000053471000 	D:\Android Studio2\jre\jre\bin\server\jvm.dll
0x00007fff51af0000 - 0x00007fff51af8000 	C:\Windows\System32\PSAPI.DLL
0x00007fff47cb0000 - 0x00007fff47cb9000 	C:\Windows\SYSTEM32\WSOCK32.dll
0x00007fff4ba50000 - 0x00007fff4ba74000 	C:\Windows\SYSTEM32\WINMM.dll
0x00007fff517f0000 - 0x00007fff5185d000 	C:\Windows\System32\WS2_32.dll
0x00007fff4bee0000 - 0x00007fff4beea000 	C:\Windows\SYSTEM32\VERSION.dll
0x00007fff4ba20000 - 0x00007fff4ba4d000 	C:\Windows\SYSTEM32\WINMMBASE.dll
0x00007fff4e180000 - 0x00007fff4e1ca000 	C:\Windows\System32\cfgmgr32.dll
0x00007fff4bfd0000 - 0x00007fff4bfdf000 	D:\Android Studio2\jre\jre\bin\verify.dll
0x00007fff35610000 - 0x00007fff35639000 	D:\Android Studio2\jre\jre\bin\java.dll
0x00007fff3fc20000 - 0x00007fff3fc36000 	D:\Android Studio2\jre\jre\bin\zip.dll
0x00007fff4f430000 - 0x00007fff50920000 	C:\Windows\System32\SHELL32.dll
0x00007fff51860000 - 0x00007fff51908000 	C:\Windows\System32\shcore.dll
0x00007fff4e5c0000 - 0x00007fff4ed0a000 	C:\Windows\System32\windows.storage.dll
0x00007fff4dce0000 - 0x00007fff4dd04000 	C:\Windows\System32\profapi.dll
0x00007fff4dd30000 - 0x00007fff4dd8d000 	C:\Windows\System32\powrprof.dll
0x00007fff51c30000 - 0x00007fff51c82000 	C:\Windows\System32\shlwapi.dll
0x00007fff4dcc0000 - 0x00007fff4dcd1000 	C:\Windows\System32\kernel.appcore.dll
0x00007fff4e0e0000 - 0x00007fff4e0f7000 	C:\Windows\System32\cryptsp.dll
0x00007fff356d0000 - 0x00007fff356ea000 	D:\Android Studio2\jre\jre\bin\net.dll
0x00007fff4d530000 - 0x00007fff4d597000 	C:\Windows\system32\mswsock.dll
0x00007fff33f40000 - 0x00007fff33f51000 	D:\Android Studio2\jre\jre\bin\nio.dll
0x00007fff36df0000 - 0x00007fff36e16000 	C:\Users\AceZhang\.gradle\wrapper\dists\gradle-4.10.1-all\native\29\windows-amd64\native-platform.dll
0x00007fff479e0000 - 0x00007fff479ed000 	D:\Android Studio2\jre\jre\bin\management.dll
0x00007fff4d0b0000 - 0x00007fff4d0e3000 	C:\Windows\system32\rsaenh.dll
0x00007fff4e4d0000 - 0x00007fff4e4f6000 	C:\Windows\System32\bcrypt.dll
0x00007fff4dbf0000 - 0x00007fff4dc18000 	C:\Windows\SYSTEM32\USERENV.dll
0x00007fff4d700000 - 0x00007fff4d70c000 	C:\Windows\SYSTEM32\CRYPTBASE.dll
0x00007fff4d250000 - 0x00007fff4d28d000 	C:\Windows\SYSTEM32\IPHLPAPI.DLL
0x00007fff4f420000 - 0x00007fff4f428000 	C:\Windows\System32\NSI.dll
0x00007fff448f0000 - 0x00007fff44906000 	C:\Windows\SYSTEM32\dhcpcsvc6.DLL
0x00007fff43f00000 - 0x00007fff43f1c000 	C:\Windows\SYSTEM32\dhcpcsvc.DLL
0x00007fff4d290000 - 0x00007fff4d356000 	C:\Windows\SYSTEM32\DNSAPI.dll

VM Arguments:
jvm_args: -Xmx1536m -Dfile.encoding=GBK -Duser.country=CN -Duser.language=zh -Duser.variant 
java_command: org.gradle.launcher.daemon.bootstrap.GradleDaemon 5.4.1
java_class_path (initial): C:\Users\AceZhang\.gradle\wrapper\dists\gradle-4.10.1-all\wrapper\dists\gradle-5.4.1-all\3221gyojl5jsh0helicew7rwx\gradle-5.4.1\lib\gradle-launcher-5.4.1.jar
Launcher Type: SUN_STANDARD

Environment Variables:
JAVA_HOME=C:\Program Files\Java\jdk1.8.0_211
PATH=C:\Program Files (x86)\Common Files\Oracle\Java\javapath;C:\Windows\system32;C:\Windows;C:\Windows\System32\Wbem;C:\Windows\System32\WindowsPowerShell\v1.0\;C:\Windows\System32\OpenSSH\;C:\Program Files\Java\jdk1.8.0_211\bin;C:\Program Files\Java\jdk1.8.0_211\lib;D:\pycSafefile\x64;E:\apache-maven-3.6.1-bin\apache-maven-3.6.1\bin;D:\nodejs\;C:\Users\AceZhang\AppData\Local\Programs\Python\Python37\Scripts\;C:\Users\AceZhang\AppData\Local\Programs\Python\Python37\;C:\Users\AceZhang\AppData\Local\Microsoft\WindowsApps;;C:\Program Files\JetBrains\PyCharm 2019.1.3\bin;;C:\Users\AceZhang\AppData\Roaming\npm;D:\Microsoft VS Code\bin
USERNAME=AceZhang
OS=Windows_NT
PROCESSOR_IDENTIFIER=Intel64 Family 6 Model 142 Stepping 9, GenuineIntel



---------------  S Y S T E M  ---------------

OS: Windows 10.0 , 64 bit Build 17763 (10.0.17763.475)

CPU:total 4 (initial active 4) (2 cores per cpu, 2 threads per core) family 6 model 142 stepping 9, cmov, cx8, fxsr, mmx, sse, sse2, sse3, ssse3, sse4.1, sse4.2, popcnt, avx, avx2, aes, clmul, erms, 3dnowpref, lzcnt, ht, tsc, tscinvbit, bmi1, bmi2, adx

Memory: 4k page, physical 8260324k(977292k free), swap 24685408k(4124k free)

vm_info: OpenJDK 64-Bit Server VM (25.152-b01) for windows-amd64 JRE (1.8.0_152-release-1343-b01), built by "builder" with MS VC++ 10.0 (VS2010)

time: Mon Sep 09 21:42:46 2019
elapsed time: 4 seconds (0d 0h 0m 4s)

