#
# There is insufficient memory for the Java Runtime Environment to continue.
# Native memory allocation (malloc) failed to allocate 770496 bytes for Chunk::new
# Possible reasons:
#   The system is out of physical RAM or swap space
#   In 32 bit mode, the process size limit was hit
# Possible solutions:
#   Reduce memory load on the system
#   Increase physical memory or swap space
#   Check if swap backing store is full
#   Use 64 bit Java on a 64 bit OS
#   Decrease Java heap size (-Xmx/-Xms)
#   Decrease number of Java threads
#   Decrease Java thread stack sizes (-Xss)
#   Set larger code cache with -XX:ReservedCodeCacheSize=
# This output file may be truncated or incomplete.
#
#  Out of Memory Error (allocation.cpp:390), pid=10396, tid=0x000000000000884c
#
# JRE version: OpenJDK Runtime Environment (8.0_152-b01) (build 1.8.0_152-release-1343-b01)
# Java VM: OpenJDK 64-Bit Server VM (25.152-b01 mixed mode windows-amd64 compressed oops)
# Failed to write core dump. Minidumps are not enabled by default on client versions of Windows
#

---------------  T H R E A D  ---------------

Current thread (0x00000000163e9000):  JavaThread "C2 CompilerThread0" daemon [_thread_in_native, id=34892, stack(0x0000000017cf0000,0x0000000017df0000)]

Stack: [0x0000000017cf0000,0x0000000017df0000]
[error occurred during error reporting (printing stack bounds), id 0xc0000005]

Native frames: (J=compiled Java code, j=interpreted, Vv=VM code, C=native code)


Current CompileTask:
C2:   4473 1447   !   4       java.net.URLClassLoader$1::run (63 bytes)


---------------  P R O C E S S  ---------------

Java Threads: ( => current thread )
  0x0000000019520000 JavaThread "Cache worker for journal cache (C:\Users\AceZhang\.gradle\wrapper\dists\gradle-4.10.1-all\caches\journal-1)" [_thread_blocked, id=27512, stack(0x000000001abc0000,0x000000001acc0000)]
  0x000000001951d000 JavaThread "File lock request listener" [_thread_in_native, id=22892, stack(0x000000001aac0000,0x000000001abc0000)]
  0x0000000019517000 JavaThread "Cache worker for file hash cache (C:\Users\AceZhang\.gradle\wrapper\dists\gradle-4.10.1-all\caches\5.4.1\fileHashes)" [_thread_blocked, id=30084, stack(0x000000001a7c0000,0x000000001a8c0000)]
  0x00000000193e9000 JavaThread "Thread-9" [_thread_blocked, id=35368, stack(0x000000001a6c0000,0x000000001a7c0000)]
  0x00000000193e8000 JavaThread "Stdin handler" [_thread_blocked, id=12772, stack(0x000000001a5c0000,0x000000001a6c0000)]
  0x00000000193e7000 JavaThread "Asynchronous log dispatcher for DefaultDaemonConnection: socket connection from /127.0.0.1:61896 to /127.0.0.1:61897" [_thread_blocked, id=33908, stack(0x000000001a4c0000,0x000000001a5c0000)]
  0x00000000193ea000 JavaThread "Daemon worker" [_thread_in_vm, id=10828, stack(0x000000001a3c0000,0x000000001a4c0000)]
  0x000000001937d000 JavaThread "Cancel handler" [_thread_blocked, id=27808, stack(0x000000001a2c0000,0x000000001a3c0000)]
  0x0000000019368000 JavaThread "Handler for socket connection from /127.0.0.1:61896 to /127.0.0.1:61897" [_thread_in_native, id=16616, stack(0x0000000019fc0000,0x000000001a0c0000)]
  0x0000000019361800 JavaThread "Daemon" [_thread_blocked, id=36400, stack(0x0000000019ec0000,0x0000000019fc0000)]
  0x00000000193c8800 JavaThread "Daemon periodic checks" [_thread_blocked, id=36492, stack(0x0000000019dc0000,0x0000000019ec0000)]
  0x0000000019353800 JavaThread "Incoming local TCP Connector on port 61896" [_thread_in_native, id=21976, stack(0x0000000019cc0000,0x0000000019dc0000)]
  0x0000000019067800 JavaThread "Daemon health stats" [_thread_blocked, id=35984, stack(0x00000000199c0000,0x0000000019ac0000)]
  0x0000000017783800 JavaThread "Service Thread" daemon [_thread_blocked, id=25024, stack(0x0000000017ff0000,0x00000000180f0000)]
  0x0000000017721000 JavaThread "C1 CompilerThread2" daemon [_thread_blocked, id=36084, stack(0x0000000017ef0000,0x0000000017ff0000)]
  0x00000000163ec000 JavaThread "C2 CompilerThread1" daemon [_thread_in_native, id=34160, stack(0x0000000017df0000,0x0000000017ef0000)]
=>0x00000000163e9000 JavaThread "C2 CompilerThread0" daemon [_thread_in_native, id=34892, stack(0x0000000017cf0000,0x0000000017df0000)]
  0x000000001639d000 JavaThread "Attach Listener" daemon [_thread_blocked, id=32632, stack(0x0000000017bf0000,0x0000000017cf0000)]
  0x00000000176f8800 JavaThread "Signal Dispatcher" daemon [_thread_blocked, id=6572, stack(0x0000000017af0000,0x0000000017bf0000)]
  0x0000000002a1a000 JavaThread "Finalizer" daemon [_thread_blocked, id=26440, stack(0x00000000175f0000,0x00000000176f0000)]
  0x0000000002a0f800 JavaThread "Reference Handler" daemon [_thread_blocked, id=20680, stack(0x00000000174f0000,0x00000000175f0000)]
  0x000000000281d800 JavaThread "main" [_thread_blocked, id=36116, stack(0x0000000002820000,0x0000000002920000)]

Other Threads:
  0x0000000016357000 VMThread [stack: 0x00000000173f0000,0x00000000174f0000] [id=31560]
  0x0000000017753800 WatcherThread [stack: 0x00000000180f0000,0x00000000181f0000] [id=22784]

VM state:not at safepoint (normal execution)

VM Mutex/Monitor currently owned by a thread: None

Heap:
 PSYoungGen      total 38400K, used 34718K [0x00000000e0000000, 0x00000000e2a80000, 0x0000000100000000)
  eden space 33280K, 88% used [0x00000000e0000000,0x00000000e1cea550,0x00000000e2080000)
  from space 5120K, 99% used [0x00000000e2080000,0x00000000e257d430,0x00000000e2580000)
  to   space 5120K, 0% used [0x00000000e2580000,0x00000000e2580000,0x00000000e2a80000)
 ParOldGen       total 87552K, used 1757K [0x00000000a0000000, 0x00000000a5580000, 0x00000000e0000000)
  object space 87552K, 2% used [0x00000000a0000000,0x00000000a01b7730,0x00000000a5580000)
 Metaspace       used 15305K, capacity 15684K, committed 15872K, reserved 1062912K
  class space    used 2165K, capacity 2298K, committed 2304K, reserved 1048576K

Card table byte_map: [0x0000000011de0000,0x00000000120f0000] byte_map_base: 0x00000000118e0000

Marking Bits: (ParMarkBitMap*) 0x00000000533f5aa0
 Begin Bits: [0x00000000126f0000, 0x0000000013ef0000)
 End Bits:   [0x0000000013ef0000, 0x00000000156f0000)

Polling page: 0x00000000006a0000

CodeCache: size=245760Kb used=5072Kb max_used=5072Kb free=240687Kb
 bounds [0x0000000002a20000, 0x0000000002f20000, 0x0000000011a20000]
 total_blobs=1838 nmethods=1450 adapters=302
 compilation: enabled

Compilation events (10 events):
Event: 4.426 Thread 0x0000000017721000 1449       3       java.nio.HeapByteBuffer::ix (7 bytes)
Event: 4.426 Thread 0x0000000017721000 nmethod 1449 0x0000000002f155d0 code [0x0000000002f15720, 0x0000000002f15870]
Event: 4.444 Thread 0x0000000017721000 1450       3       java.lang.ClassLoader::addClass (9 bytes)
Event: 4.445 Thread 0x0000000017721000 nmethod 1450 0x0000000002f158d0 code [0x0000000002f15a40, 0x0000000002f15c68]
Event: 4.460 Thread 0x0000000017721000 1452       3       java.lang.StringBuilder::append (10 bytes)
Event: 4.460 Thread 0x0000000017721000 nmethod 1452 0x0000000002f15d10 code [0x0000000002f15e80, 0x0000000002f16008]
Event: 4.460 Thread 0x0000000017721000 1453       1       com.google.common.io.LineReader::access$000 (5 bytes)
Event: 4.460 Thread 0x0000000017721000 nmethod 1453 0x0000000002f16090 code [0x0000000002f161e0, 0x0000000002f162d0]
Event: 4.461 Thread 0x0000000017721000 1454       3       java.lang.String::lastIndexOf (151 bytes)
Event: 4.461 Thread 0x0000000017721000 nmethod 1454 0x0000000002f16350 code [0x0000000002f16500, 0x0000000002f16a50]

GC Heap History (6 events):
Event: 1.335 GC heap before
{Heap before GC invocations=1 (full 0):
 PSYoungGen      total 38400K, used 33280K [0x00000000e0000000, 0x00000000e2a80000, 0x0000000100000000)
  eden space 33280K, 100% used [0x00000000e0000000,0x00000000e2080000,0x00000000e2080000)
  from space 5120K, 0% used [0x00000000e2580000,0x00000000e2580000,0x00000000e2a80000)
  to   space 5120K, 0% used [0x00000000e2080000,0x00000000e2080000,0x00000000e2580000)
 ParOldGen       total 87552K, used 0K [0x00000000a0000000, 0x00000000a5580000, 0x00000000e0000000)
  object space 87552K, 0% used [0x00000000a0000000,0x00000000a0000000,0x00000000a5580000)
 Metaspace       used 6990K, capacity 7244K, committed 7424K, reserved 1056768K
  class space    used 853K, capacity 909K, committed 1024K, reserved 1048576K
Event: 1.341 GC heap after
Heap after GC invocations=1 (full 0):
 PSYoungGen      total 38400K, used 4574K [0x00000000e0000000, 0x00000000e2a80000, 0x0000000100000000)
  eden space 33280K, 0% used [0x00000000e0000000,0x00000000e0000000,0x00000000e2080000)
  from space 5120K, 89% used [0x00000000e2080000,0x00000000e24f7b28,0x00000000e2580000)
  to   space 5120K, 0% used [0x00000000e2580000,0x00000000e2580000,0x00000000e2a80000)
 ParOldGen       total 87552K, used 8K [0x00000000a0000000, 0x00000000a5580000, 0x00000000e0000000)
  object space 87552K, 0% used [0x00000000a0000000,0x00000000a0002000,0x00000000a5580000)
 Metaspace       used 6990K, capacity 7244K, committed 7424K, reserved 1056768K
  class space    used 853K, capacity 909K, committed 1024K, reserved 1048576K
}
Event: 2.010 GC heap before
{Heap before GC invocations=2 (full 0):
 PSYoungGen      total 38400K, used 37854K [0x00000000e0000000, 0x00000000e2a80000, 0x0000000100000000)
  eden space 33280K, 100% used [0x00000000e0000000,0x00000000e2080000,0x00000000e2080000)
  from space 5120K, 89% used [0x00000000e2080000,0x00000000e24f7b28,0x00000000e2580000)
  to   space 5120K, 0% used [0x00000000e2580000,0x00000000e2580000,0x00000000e2a80000)
 ParOldGen       total 87552K, used 8K [0x00000000a0000000, 0x00000000a5580000, 0x00000000e0000000)
  object space 87552K, 0% used [0x00000000a0000000,0x00000000a0002000,0x00000000a5580000)
 Metaspace       used 8222K, capacity 8552K, committed 8832K, reserved 1056768K
  class space    used 1037K, capacity 1112K, committed 1152K, reserved 1048576K
Event: 2.015 GC heap after
Heap after GC invocations=2 (full 0):
 PSYoungGen      total 38400K, used 4485K [0x00000000e0000000, 0x00000000e2a80000, 0x0000000100000000)
  eden space 33280K, 0% used [0x00000000e0000000,0x00000000e0000000,0x00000000e2080000)
  from space 5120K, 87% used [0x00000000e2580000,0x00000000e29e17b0,0x00000000e2a80000)
  to   space 5120K, 0% used [0x00000000e2080000,0x00000000e2080000,0x00000000e2580000)
 ParOldGen       total 87552K, used 16K [0x00000000a0000000, 0x00000000a5580000, 0x00000000e0000000)
  object space 87552K, 0% used [0x00000000a0000000,0x00000000a0004000,0x00000000a5580000)
 Metaspace       used 8222K, capacity 8552K, committed 8832K, reserved 1056768K
  class space    used 1037K, capacity 1112K, committed 1152K, reserved 1048576K
}
Event: 3.928 GC heap before
{Heap before GC invocations=3 (full 0):
 PSYoungGen      total 38400K, used 37765K [0x00000000e0000000, 0x00000000e2a80000, 0x0000000100000000)
  eden space 33280K, 100% used [0x00000000e0000000,0x00000000e2080000,0x00000000e2080000)
  from space 5120K, 87% used [0x00000000e2580000,0x00000000e29e17b0,0x00000000e2a80000)
  to   space 5120K, 0% used [0x00000000e2080000,0x00000000e2080000,0x00000000e2580000)
 ParOldGen       total 87552K, used 16K [0x00000000a0000000, 0x00000000a5580000, 0x00000000e0000000)
  object space 87552K, 0% used [0x00000000a0000000,0x00000000a0004000,0x00000000a5580000)
 Metaspace       used 12769K, capacity 13230K, committed 13440K, reserved 1060864K
  class space    used 1751K, capacity 1901K, committed 1920K, reserved 1048576K
Event: 3.941 GC heap after
Heap after GC invocations=3 (full 0):
 PSYoungGen      total 38400K, used 5109K [0x00000000e0000000, 0x00000000e2a80000, 0x0000000100000000)
  eden space 33280K, 0% used [0x00000000e0000000,0x00000000e0000000,0x00000000e2080000)
  from space 5120K, 99% used [0x00000000e2080000,0x00000000e257d430,0x00000000e2580000)
  to   space 5120K, 0% used [0x00000000e2580000,0x00000000e2580000,0x00000000e2a80000)
 ParOldGen       total 87552K, used 1757K [0x00000000a0000000, 0x00000000a5580000, 0x00000000e0000000)
  object space 87552K, 2% used [0x00000000a0000000,0x00000000a01b7730,0x00000000a5580000)
 Metaspace       used 12769K, capacity 13230K, committed 13440K, reserved 1060864K
  class space    used 1751K, capacity 1901K, committed 1920K, reserved 1048576K
}

Deoptimization events (10 events):
Event: 3.588 Thread 0x00000000193ea000 Uncommon trap: reason=class_check action=maybe_recompile pc=0x0000000002cbf4b8 method=java.util.HashMap.putVal(ILjava/lang/Object;Ljava/lang/Object;ZZ)Ljava/lang/Object; @ 203
Event: 3.588 Thread 0x00000000193ea000 Uncommon trap: reason=class_check action=maybe_recompile pc=0x0000000002cbf4b8 method=java.util.HashMap.putVal(ILjava/lang/Object;Ljava/lang/Object;ZZ)Ljava/lang/Object; @ 203
Event: 3.588 Thread 0x00000000193ea000 Uncommon trap: reason=bimorphic action=maybe_recompile pc=0x0000000002cbefb4 method=java.util.HashMap.putVal(ILjava/lang/Object;Ljava/lang/Object;ZZ)Ljava/lang/Object; @ 253
Event: 3.588 Thread 0x00000000193ea000 Uncommon trap: reason=bimorphic action=maybe_recompile pc=0x0000000002cbefb4 method=java.util.HashMap.putVal(ILjava/lang/Object;Ljava/lang/Object;ZZ)Ljava/lang/Object; @ 253
Event: 3.588 Thread 0x00000000193ea000 Uncommon trap: reason=bimorphic action=maybe_recompile pc=0x0000000002cb0330 method=java.util.HashMap.putVal(ILjava/lang/Object;Ljava/lang/Object;ZZ)Ljava/lang/Object; @ 253
Event: 4.006 Thread 0x00000000193ea000 Uncommon trap: reason=class_check action=maybe_recompile pc=0x0000000002cf8618 method=java.util.regex.Matcher.match(II)Z @ 86
Event: 4.023 Thread 0x00000000193ea000 Uncommon trap: reason=class_check action=maybe_recompile pc=0x0000000002cf8618 method=java.util.regex.Matcher.match(II)Z @ 86
Event: 4.023 Thread 0x00000000193ea000 Uncommon trap: reason=class_check action=maybe_recompile pc=0x0000000002cf8618 method=java.util.regex.Matcher.match(II)Z @ 86
Event: 4.023 Thread 0x00000000193ea000 Uncommon trap: reason=class_check action=maybe_recompile pc=0x0000000002caea1c method=java.util.regex.Matcher.match(II)Z @ 86
Event: 4.442 Thread 0x00000000193ea000 Uncommon trap: reason=unstable_if action=reinterpret pc=0x0000000002dd09f4 method=java.lang.String.lastIndexOf([CII[CIII)I @ 66

Classes redefined (0 events):
No events

Internal exceptions (10 events):
Event: 3.478 Thread 0x0000000019368000 Exception <a 'java/lang/NoSuchMethodError': <clinit>> (0x00000000e0e89688) thrown at [D:\src\AOSP-openjdk-cygwin\jdk8u\hotspot\src\share\vm\prims\jni.cpp, line 1613]
Event: 3.479 Thread 0x0000000019368000 Exception <a 'java/lang/NoSuchMethodError': <clinit>> (0x00000000e0e9e648) thrown at [D:\src\AOSP-openjdk-cygwin\jdk8u\hotspot\src\share\vm\prims\jni.cpp, line 1613]
Event: 3.486 Thread 0x0000000019368000 Exception <a 'java/lang/NoSuchMethodError': <clinit>> (0x00000000e0eb1aa8) thrown at [D:\src\AOSP-openjdk-cygwin\jdk8u\hotspot\src\share\vm\prims\jni.cpp, line 1613]
Event: 3.490 Thread 0x0000000019368000 Exception <a 'java/lang/NoSuchMethodError': <clinit>> (0x00000000e0ed8b50) thrown at [D:\src\AOSP-openjdk-cygwin\jdk8u\hotspot\src\share\vm\prims\jni.cpp, line 1613]
Event: 3.492 Thread 0x0000000019368000 Exception <a 'java/lang/NoSuchMethodError': <clinit>> (0x00000000e0ef0a20) thrown at [D:\src\AOSP-openjdk-cygwin\jdk8u\hotspot\src\share\vm\prims\jni.cpp, line 1613]
Event: 3.493 Thread 0x0000000019368000 Exception <a 'java/lang/NoSuchMethodError': <clinit>> (0x00000000e0ef94e8) thrown at [D:\src\AOSP-openjdk-cygwin\jdk8u\hotspot\src\share\vm\prims\jni.cpp, line 1613]
Event: 3.495 Thread 0x0000000019368000 Exception <a 'java/lang/NoSuchMethodError': <clinit>> (0x00000000e0f0f978) thrown at [D:\src\AOSP-openjdk-cygwin\jdk8u\hotspot\src\share\vm\prims\jni.cpp, line 1613]
Event: 3.508 Thread 0x0000000019368000 Exception <a 'java/lang/NoSuchMethodError': <clinit>> (0x00000000e0f71510) thrown at [D:\src\AOSP-openjdk-cygwin\jdk8u\hotspot\src\share\vm\prims\jni.cpp, line 1613]
Event: 3.520 Thread 0x0000000019368000 Exception <a 'java/lang/NoSuchMethodError': <clinit>> (0x00000000e0f9d8a0) thrown at [D:\src\AOSP-openjdk-cygwin\jdk8u\hotspot\src\share\vm\prims\jni.cpp, line 1613]
Event: 3.524 Thread 0x0000000019368000 Exception <a 'java/lang/NoSuchMethodError': <clinit>> (0x00000000e0fb9e50) thrown at [D:\src\AOSP-openjdk-cygwin\jdk8u\hotspot\src\share\vm\prims\jni.cpp, line 1613]

Events (10 events):
Event: 4.458 loading class com/google/common/io/LineReader
Event: 4.458 loading class com/google/common/io/LineReader done
Event: 4.459 loading class com/google/common/io/LineBuffer
Event: 4.459 loading class com/google/common/io/LineBuffer done
Event: 4.459 loading class com/google/common/io/LineReader$1
Event: 4.459 loading class com/google/common/io/LineReader$1 done
Event: 4.461 loading class org/gradle/configuration/DefaultImportsReader$2
Event: 4.461 loading class org/gradle/configuration/DefaultImportsReader$2 done
Event: 4.463 loading class org/apache/commons/lang/StringUtils
Event: 4.463 loading class org/apache/commons/lang/StringUtils done


Dynamic libraries:
0x00007ff605290000 - 0x00007ff6052c1000 	D:\Android Studio2\jre\bin\java.exe
0x00007fff51cc0000 - 0x00007fff51ead000 	C:\Windows\SYSTEM32\ntdll.dll
0x00007fff51090000 - 0x00007fff51143000 	C:\Windows\System32\KERNEL32.DLL
0x00007fff4e1d0000 - 0x00007fff4e463000 	C:\Windows\System32\KERNELBASE.dll
0x00007fff4f370000 - 0x00007fff4f413000 	C:\Windows\System32\ADVAPI32.dll
0x00007fff50a50000 - 0x00007fff50aee000 	C:\Windows\System32\msvcrt.dll
0x00007fff50cb0000 - 0x00007fff50d4e000 	C:\Windows\System32\sechost.dll
0x00007fff51b00000 - 0x00007fff51c22000 	C:\Windows\System32\RPCRT4.dll
0x00007fff50d50000 - 0x00007fff50ee7000 	C:\Windows\System32\USER32.dll
0x00007fff4e5a0000 - 0x00007fff4e5c0000 	C:\Windows\System32\win32u.dll
0x00007fff51ac0000 - 0x00007fff51ae9000 	C:\Windows\System32\GDI32.dll
0x00007fff4dd90000 - 0x00007fff4df29000 	C:\Windows\System32\gdi32full.dll
0x00007fff4e500000 - 0x00007fff4e5a0000 	C:\Windows\System32\msvcp_win.dll
0x00007fff4df30000 - 0x00007fff4e02a000 	C:\Windows\System32\ucrtbase.dll
0x00007fff3b5f0000 - 0x00007fff3b869000 	C:\Windows\WinSxS\amd64_microsoft.windows.common-controls_6595b64144ccf1df_6.0.17763.678_none_05b74150071d72bf\COMCTL32.dll
0x00007fff51330000 - 0x00007fff5165c000 	C:\Windows\System32\combase.dll
0x00007fff4e100000 - 0x00007fff4e17e000 	C:\Windows\System32\bcryptPrimitives.dll
0x00007fff51150000 - 0x00007fff5117e000 	C:\Windows\System32\IMM32.DLL
0x0000000055d40000 - 0x0000000055e12000 	D:\Android Studio2\jre\jre\bin\msvcr100.dll
0x0000000052c30000 - 0x0000000053471000 	D:\Android Studio2\jre\jre\bin\server\jvm.dll
0x00007fff51af0000 - 0x00007fff51af8000 	C:\Windows\System32\PSAPI.DLL
0x00007fff4ba50000 - 0x00007fff4ba74000 	C:\Windows\SYSTEM32\WINMM.dll
0x00007fff47cb0000 - 0x00007fff47cb9000 	C:\Windows\SYSTEM32\WSOCK32.dll
0x00007fff4bee0000 - 0x00007fff4beea000 	C:\Windows\SYSTEM32\VERSION.dll
0x00007fff517f0000 - 0x00007fff5185d000 	C:\Windows\System32\WS2_32.dll
0x00007fff4ba20000 - 0x00007fff4ba4d000 	C:\Windows\SYSTEM32\WINMMBASE.dll
0x00007fff4e180000 - 0x00007fff4e1ca000 	C:\Windows\System32\cfgmgr32.dll
0x00007fff4bfd0000 - 0x00007fff4bfdf000 	D:\Android Studio2\jre\jre\bin\verify.dll
0x00007fff35610000 - 0x00007fff35639000 	D:\Android Studio2\jre\jre\bin\java.dll
0x00007fff3fc20000 - 0x00007fff3fc36000 	D:\Android Studio2\jre\jre\bin\zip.dll
0x00007fff4f430000 - 0x00007fff50920000 	C:\Windows\System32\SHELL32.dll
0x00007fff51860000 - 0x00007fff51908000 	C:\Windows\System32\shcore.dll
0x00007fff4e5c0000 - 0x00007fff4ed0a000 	C:\Windows\System32\windows.storage.dll
0x00007fff4dce0000 - 0x00007fff4dd04000 	C:\Windows\System32\profapi.dll
0x00007fff4dd30000 - 0x00007fff4dd8d000 	C:\Windows\System32\powrprof.dll
0x00007fff51c30000 - 0x00007fff51c82000 	C:\Windows\System32\shlwapi.dll
0x00007fff4dcc0000 - 0x00007fff4dcd1000 	C:\Windows\System32\kernel.appcore.dll
0x00007fff4e0e0000 - 0x00007fff4e0f7000 	C:\Windows\System32\cryptsp.dll
0x00007fff356d0000 - 0x00007fff356ea000 	D:\Android Studio2\jre\jre\bin\net.dll
0x00007fff4d530000 - 0x00007fff4d597000 	C:\Windows\system32\mswsock.dll
0x00007fff33f40000 - 0x00007fff33f51000 	D:\Android Studio2\jre\jre\bin\nio.dll
0x00007fff36df0000 - 0x00007fff36e16000 	C:\Users\AceZhang\.gradle\wrapper\dists\gradle-4.10.1-all\native\29\windows-amd64\native-platform.dll
0x00007fff479e0000 - 0x00007fff479ed000 	D:\Android Studio2\jre\jre\bin\management.dll
0x00007fff4d0b0000 - 0x00007fff4d0e3000 	C:\Windows\system32\rsaenh.dll
0x00007fff4e4d0000 - 0x00007fff4e4f6000 	C:\Windows\System32\bcrypt.dll
0x00007fff4dbf0000 - 0x00007fff4dc18000 	C:\Windows\SYSTEM32\USERENV.dll
0x00007fff4d700000 - 0x00007fff4d70c000 	C:\Windows\SYSTEM32\CRYPTBASE.dll
0x00007fff4d250000 - 0x00007fff4d28d000 	C:\Windows\SYSTEM32\IPHLPAPI.DLL
0x00007fff4f420000 - 0x00007fff4f428000 	C:\Windows\System32\NSI.dll
0x00007fff448f0000 - 0x00007fff44906000 	C:\Windows\SYSTEM32\dhcpcsvc6.DLL
0x00007fff43f00000 - 0x00007fff43f1c000 	C:\Windows\SYSTEM32\dhcpcsvc.DLL
0x00007fff4d290000 - 0x00007fff4d356000 	C:\Windows\SYSTEM32\DNSAPI.dll

VM Arguments:
jvm_args: -Xmx1536m -Dfile.encoding=GBK -Duser.country=CN -Duser.language=zh -Duser.variant 
java_command: org.gradle.launcher.daemon.bootstrap.GradleDaemon 5.4.1
java_class_path (initial): C:\Users\AceZhang\.gradle\wrapper\dists\gradle-4.10.1-all\wrapper\dists\gradle-5.4.1-all\3221gyojl5jsh0helicew7rwx\gradle-5.4.1\lib\gradle-launcher-5.4.1.jar
Launcher Type: SUN_STANDARD

Environment Variables:
JAVA_HOME=C:\Program Files\Java\jdk1.8.0_211
PATH=C:\Program Files (x86)\Common Files\Oracle\Java\javapath;C:\Windows\system32;C:\Windows;C:\Windows\System32\Wbem;C:\Windows\System32\WindowsPowerShell\v1.0\;C:\Windows\System32\OpenSSH\;C:\Program Files\Java\jdk1.8.0_211\bin;C:\Program Files\Java\jdk1.8.0_211\lib;D:\pycSafefile\x64;E:\apache-maven-3.6.1-bin\apache-maven-3.6.1\bin;D:\nodejs\;C:\Users\AceZhang\AppData\Local\Programs\Python\Python37\Scripts\;C:\Users\AceZhang\AppData\Local\Programs\Python\Python37\;C:\Users\AceZhang\AppData\Local\Microsoft\WindowsApps;;C:\Program Files\JetBrains\PyCharm 2019.1.3\bin;;C:\Users\AceZhang\AppData\Roaming\npm;D:\Microsoft VS Code\bin
USERNAME=AceZhang
OS=Windows_NT
PROCESSOR_IDENTIFIER=Intel64 Family 6 Model 142 Stepping 9, GenuineIntel



---------------  S Y S T E M  ---------------

OS: Windows 10.0 , 64 bit Build 17763 (10.0.17763.475)

CPU:total 4 (initial active 4) (2 cores per cpu, 2 threads per core) family 6 model 142 stepping 9, cmov, cx8, fxsr, mmx, sse, sse2, sse3, ssse3, sse4.1, sse4.2, popcnt, avx, avx2, aes, clmul, erms, 3dnowpref, lzcnt, ht, tsc, tscinvbit, bmi1, bmi2, adx

Memory: 4k page, physical 8260324k(991160k free), swap 24685408k(4236k free)

vm_info: OpenJDK 64-Bit Server VM (25.152-b01) for windows-amd64 JRE (1.8.0_152-release-1343-b01), built by "builder" with MS VC++ 10.0 (VS2010)

time: Mon Sep 09 21:41:47 2019
elapsed time: 4 seconds (0d 0h 0m 4s)

